<?xml version="1.0" encoding="UTF-8"?>
<!-- Generated by org.testng.reporters.JUnitReportReporter -->
<testsuite hostname="SanatKumar" failures="0" tests="1" name="com.inetBanking.testCases.TC_logintest_001" time="6.956" errors="0" timestamp="2023-10-02T12:02:43 IST" skipped="0">
  <testcase classname="com.inetBanking.testCases.TC_logintest_001" name="login" time="6.956"/>
  <system-out/>
</testsuite> <!-- com.inetBanking.testCases.TC_logintest_001 -->
