<?xml version="1.0" encoding="UTF-8"?>
<!-- Generated by org.testng.reporters.JUnitReportReporter -->
<testsuite hostname="SanatKumar" failures="0" tests="1" name="jupiterScripts.ErrorValidator" time="9.437" errors="0" timestamp="2023-10-10T15:24:31 IST" skipped="0">
  <testcase classname="jupiterScripts.ErrorValidator" name="scenario1" time="9.437"/>
  <system-out/>
</testsuite> <!-- jupiterScripts.ErrorValidator -->
