<?xml version="1.0" encoding="UTF-8"?>
<!-- Generated by org.testng.reporters.JUnitReportReporter -->
<testsuite hostname="SanatKumar" failures="0" tests="1" name="crudWithBdd.GetProject" time="5.752" errors="0" timestamp="2023-09-14T12:44:30 IST" skipped="0">
  <testcase classname="crudWithBdd.GetProject" name="get" time="5.752"/>
  <system-out/>
</testsuite> <!-- crudWithBdd.GetProject -->
