<?xml version="1.0" encoding="UTF-8"?>
<!-- Generated by org.testng.reporters.JUnitReportReporter -->
<testsuite hostname="SanatKumar" failures="0" tests="1" name="reqres.DeleteUsingBdd" time="2.931" errors="0" timestamp="2023-09-13T17:45:45 IST" skipped="0">
  <testcase classname="reqres.DeleteUsingBdd" name="delete" time="2.931"/>
  <system-out/>
</testsuite> <!-- reqres.DeleteUsingBdd -->
