<?xml version="1.0" encoding="UTF-8"?>
<!-- Generated by org.testng.reporters.JUnitReportReporter -->
<testsuite hostname="SanatKumar" failures="0" tests="1" name="crudWithoutBdd.GetSingleProject" time="2.349" errors="0" timestamp="2023-09-13T13:29:08 IST" skipped="0">
  <testcase classname="crudWithoutBdd.GetSingleProject" name="getProject" time="2.349"/>
  <system-out/>
</testsuite> <!-- crudWithoutBdd.GetSingleProject -->
