<?xml version="1.0" encoding="UTF-8"?>
<!-- Generated by org.testng.reporters.JUnitReportReporter -->
<testsuite hostname="SanatKumar" failures="0" tests="1" name="reqres.GetSingleProject" time="3.317" errors="0" timestamp="2023-09-13T12:52:06 IST" skipped="0">
  <testcase classname="reqres.GetSingleProject" name="getSingle" time="3.317"/>
  <system-out/>
</testsuite> <!-- reqres.GetSingleProject -->
