<?xml version="1.0" encoding="UTF-8"?>
<!-- Generated by org.testng.reporters.JUnitReportReporter -->
<testsuite hostname="SanatKumar" failures="0" tests="1" name="reqres.UpdateProject" time="4.242" errors="0" timestamp="2023-09-19T14:23:09 IST" skipped="0">
  <testcase classname="reqres.UpdateProject" name="update" time="4.242"/>
  <system-out/>
</testsuite> <!-- reqres.UpdateProject -->
