<?xml version="1.0" encoding="UTF-8"?>
<!-- Generated by org.testng.reporters.JUnitReportReporter -->
<testsuite hostname="SanatKumar" failures="0" tests="1" name="serializationDeserialization.SerializationTest" time="0.289" errors="0" timestamp="2023-09-21T08:14:35 IST" skipped="0">
  <testcase classname="serializationDeserialization.SerializationTest" name="serialization" time="0.289"/>
  <system-out/>
</testsuite> <!-- serializationDeserialization.SerializationTest -->
