<?xml version="1.0" encoding="UTF-8"?>
<!-- Generated by org.testng.reporters.JUnitReportReporter -->
<testsuite hostname="SanatKumar" failures="0" tests="3" name="dataDrivenTesting.Ddt" time="2.842" errors="0" timestamp="2023-09-15T11:17:42 IST" skipped="0">
  <testcase classname="dataDrivenTesting.Ddt" name="createProject" time="0.188"/>
  <system-out/>
  <testcase classname="dataDrivenTesting.Ddt" name="createProject" time="0.184"/>
  <system-out/>
  <testcase classname="dataDrivenTesting.Ddt" name="createProject" time="2.470"/>
  <system-out/>
</testsuite> <!-- dataDrivenTesting.Ddt -->
