<?xml version="1.0" encoding="UTF-8"?>
<!-- Generated by org.testng.reporters.JUnitReportReporter -->
<testsuite hostname="SanatKumar" failures="0" tests="1" name="crudWithBdd.DeleteProject" time="3.236" errors="0" timestamp="2023-09-13T16:34:18 IST" skipped="0">
  <testcase classname="crudWithBdd.DeleteProject" name="del" time="3.236"/>
  <system-out/>
</testsuite> <!-- crudWithBdd.DeleteProject -->
