<?xml version="1.0" encoding="UTF-8"?>
<!-- Generated by org.testng.reporters.JUnitReportReporter -->
<testsuite hostname="SanatKumar" failures="0" tests="1" name="crudWithBdd.CreateProject" time="5.997" errors="0" timestamp="2023-09-21T11:38:41 IST" skipped="0">
  <testcase classname="crudWithBdd.CreateProject" name="create" time="5.997"/>
  <system-out/>
</testsuite> <!-- crudWithBdd.CreateProject -->
