<?xml version="1.0" encoding="UTF-8"?>
<!-- Generated by org.testng.reporters.JUnitReportReporter -->
<testsuite hostname="SanatKumar" failures="0" tests="1" name="pojoExp.DynamicRespBodyValidation" time="14.780" errors="0" timestamp="2023-09-14T13:00:35 IST" skipped="0">
  <testcase classname="pojoExp.DynamicRespBodyValidation" name="dynamic" time="14.780"/>
  <system-out/>
</testsuite> <!-- pojoExp.DynamicRespBodyValidation -->
