<?xml version="1.0" encoding="UTF-8"?>
<!-- Generated by org.testng.reporters.JUnitReportReporter -->
<testsuite hostname="SanatKumar" failures="0" tests="1" name="authentication.BeareToken" time="6.753" errors="0" timestamp="2023-09-21T07:42:56 IST" skipped="0">
  <testcase classname="authentication.BeareToken" name="bearerToken" time="6.753"/>
  <system-out/>
</testsuite> <!-- authentication.BeareToken -->
