<?xml version="1.0" encoding="UTF-8"?>
<!-- Generated by org.testng.reporters.JUnitReportReporter -->
<testsuite hostname="SanatKumar" failures="0" tests="1" name="pojoExp.CreateUsingHashmap" time="4.332" errors="0" timestamp="2023-09-14T11:22:41 IST" skipped="0">
  <testcase classname="pojoExp.CreateUsingHashmap" name="create" time="4.332"/>
  <system-out/>
</testsuite> <!-- pojoExp.CreateUsingHashmap -->
