<?xml version="1.0" encoding="UTF-8"?>
<!-- Generated by org.testng.reporters.JUnitReportReporter -->
<testsuite hostname="SanatKumar" failures="0" tests="1" name="reqres.UploadAnImageInRequres" time="7.233" errors="0" timestamp="2023-10-11T15:06:49 IST" skipped="0">
  <testcase classname="reqres.UploadAnImageInRequres" name="uploadImg" time="7.233"/>
  <system-out/>
</testsuite> <!-- reqres.UploadAnImageInRequres -->
