<?xml version="1.0" encoding="UTF-8"?>
<!-- Generated by org.testng.reporters.JUnitReportReporter -->
<testsuite hostname="SanatKumar" failures="0" tests="1" name="reqres.PathParametersUsingReq" time="4.349" errors="0" timestamp="2023-09-14T16:27:14 IST" skipped="0">
  <testcase classname="reqres.PathParametersUsingReq" name="pathParm" time="4.349"/>
  <system-out/>
</testsuite> <!-- reqres.PathParametersUsingReq -->
