<?xml version="1.0" encoding="UTF-8"?>
<!-- Generated by org.testng.reporters.JUnitReportReporter -->
<testsuite hostname="SanatKumar" failures="0" tests="1" name="sdetYT.ResponseBodyInJson" time="6.562" errors="0" timestamp="2023-10-11T12:12:42 IST" skipped="0">
  <testcase classname="sdetYT.ResponseBodyInJson" name="jsonFile" time="6.562"/>
  <system-out/>
</testsuite> <!-- sdetYT.ResponseBodyInJson -->
