<?xml version="1.0" encoding="UTF-8"?>
<!-- Generated by org.testng.reporters.JUnitReportReporter -->
<testsuite hostname="SanatKumar" failures="0" tests="1" name="authentication.Oauth2" time="3.674" errors="0" timestamp="2023-09-15T16:03:27 IST" skipped="0">
  <testcase classname="authentication.Oauth2" name="oauthh2" time="3.674"/>
  <system-out/>
</testsuite> <!-- authentication.Oauth2 -->
