<?xml version="1.0" encoding="UTF-8"?>
<!-- Generated by org.testng.reporters.JUnitReportReporter -->
<testsuite hostname="SanatKumar" failures="0" tests="1" name="crudWithBdd.GetSingleProject" time="3.364" errors="0" timestamp="2023-09-13T16:20:15 IST" skipped="0">
  <testcase classname="crudWithBdd.GetSingleProject" name="singleProj" time="3.364"/>
  <system-out/>
</testsuite> <!-- crudWithBdd.GetSingleProject -->
