<?xml version="1.0" encoding="UTF-8"?>
<!-- Generated by org.testng.reporters.JUnitReportReporter -->
<testsuite hostname="SanatKumar" failures="0" tests="1" name="parameters.QueryParameters" time="4.057" errors="0" timestamp="2023-09-14T17:24:54 IST" skipped="0">
  <testcase classname="parameters.QueryParameters" name="queryParameter" time="4.057"/>
  <system-out/>
</testsuite> <!-- parameters.QueryParameters -->
