<?xml version="1.0" encoding="UTF-8"?>
<!-- Generated by org.testng.reporters.JUnitReportReporter -->
<testsuite hostname="SanatKumar" failures="0" tests="1" name="crudWithoutBdd.CreateProject" time="2.763" errors="0" timestamp="2023-09-13T13:26:25 IST" skipped="0">
  <testcase classname="crudWithoutBdd.CreateProject" name="createProj" time="2.763"/>
  <system-out/>
</testsuite> <!-- crudWithoutBdd.CreateProject -->
