<?xml version="1.0" encoding="UTF-8"?>
<!-- Generated by org.testng.reporters.JUnitReportReporter -->
<testsuite hostname="SanatKumar" failures="0" tests="1" name="reqres.GetUsingBdd" time="7.182" errors="0" timestamp="2023-09-13T17:28:20 IST" skipped="0">
  <testcase classname="reqres.GetUsingBdd" name="get" time="7.182"/>
  <system-out/>
</testsuite> <!-- reqres.GetUsingBdd -->
