<?xml version="1.0" encoding="UTF-8"?>
<!-- Generated by org.testng.reporters.JUnitReportReporter -->
<testsuite hostname="SanatKumar" failures="0" tests="1" name="reqres.GetAllProjects" time="2.248" errors="0" timestamp="2023-09-19T20:38:54 IST" skipped="0">
  <testcase classname="reqres.GetAllProjects" name="getAll" time="2.248"/>
  <system-out/>
</testsuite> <!-- reqres.GetAllProjects -->
