<?xml version="1.0" encoding="UTF-8"?>
<!-- Generated by org.testng.reporters.JUnitReportReporter -->
<testsuite hostname="SanatKumar" failures="0" tests="1" name="pojoExp.CreateUsingFile" time="3.485" errors="0" timestamp="2023-09-14T10:57:10 IST" skipped="0">
  <testcase classname="pojoExp.CreateUsingFile" name="create" time="3.485"/>
  <system-out/>
</testsuite> <!-- pojoExp.CreateUsingFile -->
