<?xml version="1.0" encoding="UTF-8"?>
<!-- Generated by org.testng.reporters.JUnitReportReporter -->
<testsuite hostname="SanatKumar" failures="0" tests="1" name="authentication.BasicPreemptiveAuth" time="2.507" errors="0" timestamp="2023-09-15T12:19:03 IST" skipped="0">
  <testcase classname="authentication.BasicPreemptiveAuth" name="basicPreemptiveAuthentication" time="2.507"/>
  <system-out/>
</testsuite> <!-- authentication.BasicPreemptiveAuth -->
