<?xml version="1.0" encoding="UTF-8"?>
<!-- Generated by org.testng.reporters.JUnitReportReporter -->
<testsuite hostname="SanatKumar" failures="0" tests="1" name="crudWithoutBdd.DeleteProject" time="2.401" errors="0" timestamp="2023-09-13T13:27:09 IST" skipped="0">
  <testcase classname="crudWithoutBdd.DeleteProject" name="delete" time="2.401"/>
  <system-out/>
</testsuite> <!-- crudWithoutBdd.DeleteProject -->
