<?xml version="1.0" encoding="UTF-8"?>
<!-- Generated by org.testng.reporters.JUnitReportReporter -->
<testsuite hostname="SanatKumar" failures="0" tests="1" name="crudWithoutBdd.UpdateProject" time="2.299" errors="0" timestamp="2023-09-13T12:41:11 IST" skipped="0">
  <testcase classname="crudWithoutBdd.UpdateProject" name="update" time="2.299"/>
  <system-out/>
</testsuite> <!-- crudWithoutBdd.UpdateProject -->
