<?xml version="1.0" encoding="UTF-8"?>
<!-- Generated by org.testng.reporters.JUnitReportReporter -->
<testsuite hostname="SanatKumar" failures="0" tests="1" name="crudWithoutBdd.GetProjects" time="7.315" errors="0" timestamp="2023-09-13T12:22:14 IST" skipped="0">
  <testcase classname="crudWithoutBdd.GetProjects" name="getProject" time="7.315"/>
  <system-out/>
</testsuite> <!-- crudWithoutBdd.GetProjects -->
