<?xml version="1.0" encoding="UTF-8"?>
<!-- Generated by org.testng.reporters.JUnitReportReporter -->
<testsuite hostname="SanatKumar" failures="0" tests="1" name="authentication.BasicDigestiveAuthentication" time="2.223" errors="0" timestamp="2023-09-15T12:22:53 IST" skipped="0">
  <testcase classname="authentication.BasicDigestiveAuthentication" name="basicDigestiveAuthentication" time="2.223"/>
  <system-out/>
</testsuite> <!-- authentication.BasicDigestiveAuthentication -->
