<?xml version="1.0" encoding="UTF-8"?>
<!-- Generated by org.testng.reporters.JUnitReportReporter -->
<testsuite hostname="SanatKumar" failures="0" tests="1" name="reqres.CreateProJect" time="4.542" errors="0" timestamp="2023-09-19T01:20:02 IST" skipped="0">
  <testcase classname="reqres.CreateProJect" name="create" time="4.542"/>
  <system-out/>
</testsuite> <!-- reqres.CreateProJect -->
