<?xml version="1.0" encoding="UTF-8"?>
<!-- Generated by org.testng.reporters.JUnitReportReporter -->
<testsuite hostname="SanatKumar" failures="0" tests="1" name="dataBaseFrameWork.DataMasking" time="2.786" errors="0" timestamp="2023-09-20T15:53:40 IST" skipped="0">
  <testcase classname="dataBaseFrameWork.DataMasking" name="datamasking" time="2.786"/>
  <system-out/>
</testsuite> <!-- dataBaseFrameWork.DataMasking -->
