<?xml version="1.0" encoding="UTF-8"?>
<!-- Generated by org.testng.reporters.JUnitReportReporter -->
<testsuite hostname="SanatKumar" failures="0" tests="1" name="serializationDeserialization.SpouseDetailsSeriallization" time="0.309" errors="0" timestamp="2023-09-21T16:23:13 IST" skipped="0">
  <testcase classname="serializationDeserialization.SpouseDetailsSeriallization" name="spouseDetails" time="0.309"/>
  <system-out/>
</testsuite> <!-- serializationDeserialization.SpouseDetailsSeriallization -->
