<?xml version="1.0" encoding="UTF-8"?>
<!-- Generated by org.testng.reporters.JUnitReportReporter -->
<testsuite hostname="SanatKumar" failures="0" tests="1" name="authentication.BasicAuth" time="2.295" errors="0" timestamp="2023-09-15T12:19:23 IST" skipped="0">
  <testcase classname="authentication.BasicAuth" name="basicAuthentication" time="2.295"/>
  <system-out/>
</testsuite> <!-- authentication.BasicAuth -->
