<?xml version="1.0" encoding="UTF-8"?>
<!-- Generated by org.testng.reporters.JUnitReportReporter -->
<testsuite hostname="SanatKumar" failures="0" tests="1" name="pojoExp.CreateProjectUsingPojo" time="2.529" errors="0" timestamp="2023-09-14T12:33:53 IST" skipped="0">
  <testcase classname="pojoExp.CreateProjectUsingPojo" name="create" time="2.529"/>
  <system-out/>
</testsuite> <!-- pojoExp.CreateProjectUsingPojo -->
