<?xml version="1.0" encoding="UTF-8"?>
<!-- Generated by org.testng.reporters.JUnitReportReporter -->
<testsuite hostname="SanatKumar" failures="0" tests="1" name="reqres.CreatUsingBdd" time="4.664" errors="0" timestamp="2023-09-29T12:01:05 IST" skipped="0">
  <testcase classname="reqres.CreatUsingBdd" name="create" time="4.664"/>
  <system-out/>
</testsuite> <!-- reqres.CreatUsingBdd -->
