<?xml version="1.0" encoding="UTF-8"?>
<!-- Generated by org.testng.reporters.JUnitReportReporter -->
<testsuite hostname="SanatKumar" failures="0" tests="3" name="sdetYT.GetUser" time="10.197" errors="0" timestamp="2023-09-17T22:54:44 IST" skipped="0">
  <testcase classname="sdetYT.GetUser" name="getRequest" time="5.334"/>
  <system-out/>
  <testcase classname="sdetYT.GetUser" name="createUser" time="2.598"/>
  <system-out/>
  <testcase classname="sdetYT.GetUser" name="updateUser" time="2.265"/>
  <system-out/>
</testsuite> <!-- sdetYT.GetUser -->
