<?xml version="1.0" encoding="UTF-8"?>
<!-- Generated by org.testng.reporters.JUnitReportReporter -->
<testsuite hostname="SanatKumar" failures="0" tests="1" name="serializationDeserialization.Deserialization" time="0.355" errors="0" timestamp="2023-10-13T13:13:00 IST" skipped="0">
  <testcase classname="serializationDeserialization.Deserialization" name="deserialization" time="0.355"/>
  <system-out/>
</testsuite> <!-- serializationDeserialization.Deserialization -->
