<?xml version="1.0" encoding="UTF-8"?>
<!-- Generated by org.testng.reporters.JUnitReportReporter -->
<testsuite hostname="SanatKumar" failures="0" tests="1" name="string.StringProgram" time="0.011" errors="0" timestamp="2023-10-20T20:37:55 IST" skipped="0">
  <testcase classname="string.StringProgram" name="printCountedCharacters" time="0.011"/>
  <system-out/>
</testsuite> <!-- string.StringProgram -->
