<?xml version="1.0" encoding="UTF-8"?>
<!-- Generated by org.testng.reporters.JUnitReportReporter -->
<testsuite hostname="SanatKumar" failures="0" tests="1" name="arrayPrograms.SwapTwoNumbers" time="0.012" errors="0" timestamp="2023-08-24T12:23:34 IST" skipped="0">
  <testcase classname="arrayPrograms.SwapTwoNumbers" name="removeDuplicatesInAnArrayUsingCollection" time="0.012"/>
  <system-out/>
</testsuite> <!-- arrayPrograms.SwapTwoNumbers -->
