<?xml version="1.0" encoding="UTF-8"?>
<!-- Generated by org.testng.reporters.JUnitReportReporter -->
<testsuite hostname="SanatKumar" failures="0" tests="1" name="arrayPrograms.ArrayPrograms" time="0.013" errors="0" timestamp="2023-10-24T20:58:21 IST" skipped="0">
  <testcase classname="arrayPrograms.ArrayPrograms" name="positionOfEachNumberInAnArrayWithoutDuplicates" time="0.013"/>
  <system-out/>
</testsuite> <!-- arrayPrograms.ArrayPrograms -->
