<?xml version="1.0" encoding="UTF-8"?>
<!-- Generated by org.testng.reporters.JUnitReportReporter -->
<testsuite hostname="SanatKumar" failures="0" tests="1" name="stringPrograms.StringPrograms" time="0.011" errors="0" timestamp="2023-10-19T18:10:12 IST" skipped="0">
  <testcase classname="stringPrograms.StringPrograms" name="printCountOfCharacterInRandomLocation" time="0.011"/>
  <system-out/>
</testsuite> <!-- stringPrograms.StringPrograms -->
