<?xml version="1.0" encoding="UTF-8"?>
<!-- Generated by org.testng.reporters.JUnitReportReporter -->
<testsuite hostname="SanatKumar" failures="0" tests="1" name="programs.NewPrograms" time="0.015" errors="0" timestamp="2023-08-29T19:30:26 IST" skipped="0">
  <testcase classname="programs.NewPrograms" name="printHalfTriangle" time="0.015"/>
  <system-out/>
</testsuite> <!-- programs.NewPrograms -->
