<?xml version="1.0" encoding="UTF-8"?>
<!-- Generated by org.testng.reporters.JUnitReportReporter -->
<testsuite hostname="SanatKumar" failures="0" tests="1" name="pratice.Tets" time="1.113" errors="1" timestamp="2023-10-12T10:02:57 IST" skipped="0">
  <testcase classname="pratice.Tets" name="m1" time="1.113">
    <error type="java.lang.StackOverflowError">
      <![CDATA[java.lang.StackOverflowError
at java.base/java.io.FileOutputStream.write(FileOutputStream.java:349)
at java.base/java.io.BufferedOutputStream.flushBuffer(BufferedOutputStream.java:81)
at java.base/java.io.BufferedOutputStream.flush(BufferedOutputStream.java:142)
at java.base/java.io.PrintStream.write(PrintStream.java:570)
at java.base/sun.nio.cs.StreamEncoder.writeBytes(StreamEncoder.java:234)
at java.base/sun.nio.cs.StreamEncoder.implFlushBuffer(StreamEncoder.java:313)
at java.base/sun.nio.cs.StreamEncoder.flushBuffer(StreamEncoder.java:111)
at java.base/java.io.OutputStreamWriter.flushBuffer(OutputStreamWriter.java:178)
at java.base/java.io.PrintStream.writeln(PrintStream.java:723)
at java.base/java.io.PrintStream.println(PrintStream.java:1028)
at pratice.Tets.m1(Tets.java:6)
at pratice.Tets.m1(Tets.java:8)
at pratice.Tets.m1(Tets.java:8)
at pratice.Tets.m1(Tets.java:8)
at pratice.Tets.m1(Tets.java:8)
at pratice.Tets.m1(Tets.java:8)
at pratice.Tets.m1(Tets.java:8)
at pratice.Tets.m1(Tets.java:8)
at pratice.Tets.m1(Tets.java:8)
at pratice.Tets.m1(Tets.java:8)
at pratice.Tets.m1(Tets.java:8)
at pratice.Tets.m1(Tets.java:8)
at pratice.Tets.m1(Tets.java:8)
at pratice.Tets.m1(Tets.java:8)
at pratice.Tets.m1(Tets.java:8)
at pratice.Tets.m1(Tets.java:8)
at pratice.Tets.m1(Tets.java:8)
at pratice.Tets.m1(Tets.java:8)
at pratice.Tets.m1(Tets.java:8)
at pratice.Tets.m1(Tets.java:8)
at pratice.Tets.m1(Tets.java:8)
at pratice.Tets.m1(Tets.java:8)
at pratice.Tets.m1(Tets.java:8)
at pratice.Tets.m1(Tets.java:8)
at pratice.Tets.m1(Tets.java:8)
at pratice.Tets.m1(Tets.java:8)
at pratice.Tets.m1(Tets.java:8)
at pratice.Tets.m1(Tets.java:8)
at pratice.Tets.m1(Tets.java:8)
at pratice.Tets.m1(Tets.java:8)
at pratice.Tets.m1(Tets.java:8)
at pratice.Tets.m1(Tets.java:8)
at pratice.Tets.m1(Tets.java:8)
at pratice.Tets.m1(Tets.java:8)
at pratice.Tets.m1(Tets.java:8)
at pratice.Tets.m1(Tets.java:8)
at pratice.Tets.m1(Tets.java:8)
at pratice.Tets.m1(Tets.java:8)
at pratice.Tets.m1(Tets.java:8)
at pratice.Tets.m1(Tets.java:8)
at pratice.Tets.m1(Tets.java:8)
at pratice.Tets.m1(Tets.java:8)
at pratice.Tets.m1(Tets.java:8)
at pratice.Tets.m1(Tets.java:8)
at pratice.Tets.m1(Tets.java:8)
at pratice.Tets.m1(Tets.java:8)
at pratice.Tets.m1(Tets.java:8)
at pratice.Tets.m1(Tets.java:8)
at pratice.Tets.m1(Tets.java:8)
at pratice.Tets.m1(Tets.java:8)
at pratice.Tets.m1(Tets.java:8)
at pratice.Tets.m1(Tets.java:8)
at pratice.Tets.m1(Tets.java:8)
at pratice.Tets.m1(Tets.java:8)
at pratice.Tets.m1(Tets.java:8)
at pratice.Tets.m1(Tets.java:8)
at pratice.Tets.m1(Tets.java:8)
at pratice.Tets.m1(Tets.java:8)
at pratice.Tets.m1(Tets.java:8)
at pratice.Tets.m1(Tets.java:8)
at pratice.Tets.m1(Tets.java:8)
at pratice.Tets.m1(Tets.java:8)
at pratice.Tets.m1(Tets.java:8)
at pratice.Tets.m1(Tets.java:8)
at pratice.Tets.m1(Tets.java:8)
at pratice.Tets.m1(Tets.java:8)
at pratice.Tets.m1(Tets.java:8)
at pratice.Tets.m1(Tets.java:8)
at pratice.Tets.m1(Tets.java:8)
at pratice.Tets.m1(Tets.java:8)
at pratice.Tets.m1(Tets.java:8)
at pratice.Tets.m1(Tets.java:8)
at pratice.Tets.m1(Tets.java:8)
at pratice.Tets.m1(Tets.java:8)
at pratice.Tets.m1(Tets.java:8)
at pratice.Tets.m1(Tets.java:8)
at pratice.Tets.m1(Tets.java:8)
at pratice.Tets.m1(Tets.java:8)
at pratice.Tets.m1(Tets.java:8)
at pratice.Tets.m1(Tets.java:8)
at pratice.Tets.m1(Tets.java:8)
at pratice.Tets.m1(Tets.java:8)
at pratice.Tets.m1(Tets.java:8)
at pratice.Tets.m1(Tets.java:8)
at pratice.Tets.m1(Tets.java:8)
at pratice.Tets.m1(Tets.java:8)
at pratice.Tets.m1(Tets.java:8)
at pratice.Tets.m1(Tets.java:8)
at pratice.Tets.m1(Tets.java:8)
at pratice.Tets.m1(Tets.java:8)
at pratice.Tets.m1(Tets.java:8)
at pratice.Tets.m1(Tets.java:8)
at pratice.Tets.m1(Tets.java:8)
at pratice.Tets.m1(Tets.java:8)
at pratice.Tets.m1(Tets.java:8)
at pratice.Tets.m1(Tets.java:8)
at pratice.Tets.m1(Tets.java:8)
at pratice.Tets.m1(Tets.java:8)
at pratice.Tets.m1(Tets.java:8)
at pratice.Tets.m1(Tets.java:8)
at pratice.Tets.m1(Tets.java:8)
at pratice.Tets.m1(Tets.java:8)
at pratice.Tets.m1(Tets.java:8)
at pratice.Tets.m1(Tets.java:8)
at pratice.Tets.m1(Tets.java:8)
at pratice.Tets.m1(Tets.java:8)
at pratice.Tets.m1(Tets.java:8)
at pratice.Tets.m1(Tets.java:8)
at pratice.Tets.m1(Tets.java:8)
at pratice.Tets.m1(Tets.java:8)
at pratice.Tets.m1(Tets.java:8)
at pratice.Tets.m1(Tets.java:8)
at pratice.Tets.m1(Tets.java:8)
at pratice.Tets.m1(Tets.java:8)
at pratice.Tets.m1(Tets.java:8)
at pratice.Tets.m1(Tets.java:8)
at pratice.Tets.m1(Tets.java:8)
at pratice.Tets.m1(Tets.java:8)
at pratice.Tets.m1(Tets.java:8)
at pratice.Tets.m1(Tets.java:8)
at pratice.Tets.m1(Tets.java:8)
at pratice.Tets.m1(Tets.java:8)
at pratice.Tets.m1(Tets.java:8)
at pratice.Tets.m1(Tets.java:8)
at pratice.Tets.m1(Tets.java:8)
at pratice.Tets.m1(Tets.java:8)
at pratice.Tets.m1(Tets.java:8)
at pratice.Tets.m1(Tets.java:8)
at pratice.Tets.m1(Tets.java:8)
at pratice.Tets.m1(Tets.java:8)
at pratice.Tets.m1(Tets.java:8)
at pratice.Tets.m1(Tets.java:8)
at pratice.Tets.m1(Tets.java:8)
at pratice.Tets.m1(Tets.java:8)
at pratice.Tets.m1(Tets.java:8)
at pratice.Tets.m1(Tets.java:8)
at pratice.Tets.m1(Tets.java:8)
at pratice.Tets.m1(Tets.java:8)
at pratice.Tets.m1(Tets.java:8)
at pratice.Tets.m1(Tets.java:8)
at pratice.Tets.m1(Tets.java:8)
at pratice.Tets.m1(Tets.java:8)
at pratice.Tets.m1(Tets.java:8)
at pratice.Tets.m1(Tets.java:8)
at pratice.Tets.m1(Tets.java:8)
at pratice.Tets.m1(Tets.java:8)
at pratice.Tets.m1(Tets.java:8)
at pratice.Tets.m1(Tets.java:8)
at pratice.Tets.m1(Tets.java:8)
at pratice.Tets.m1(Tets.java:8)
at pratice.Tets.m1(Tets.java:8)
at pratice.Tets.m1(Tets.java:8)
at pratice.Tets.m1(Tets.java:8)
at pratice.Tets.m1(Tets.java:8)
at pratice.Tets.m1(Tets.java:8)
at pratice.Tets.m1(Tets.java:8)
at pratice.Tets.m1(Tets.java:8)
at pratice.Tets.m1(Tets.java:8)
at pratice.Tets.m1(Tets.java:8)
at pratice.Tets.m1(Tets.java:8)
at pratice.Tets.m1(Tets.java:8)
at pratice.Tets.m1(Tets.java:8)
at pratice.Tets.m1(Tets.java:8)
at pratice.Tets.m1(Tets.java:8)
at pratice.Tets.m1(Tets.java:8)
at pratice.Tets.m1(Tets.java:8)
at pratice.Tets.m1(Tets.java:8)
at pratice.Tets.m1(Tets.java:8)
at pratice.Tets.m1(Tets.java:8)
at pratice.Tets.m1(Tets.java:8)
at pratice.Tets.m1(Tets.java:8)
at pratice.Tets.m1(Tets.java:8)
at pratice.Tets.m1(Tets.java:8)
at pratice.Tets.m1(Tets.java:8)
at pratice.Tets.m1(Tets.java:8)
at pratice.Tets.m1(Tets.java:8)
at pratice.Tets.m1(Tets.java:8)
at pratice.Tets.m1(Tets.java:8)
at pratice.Tets.m1(Tets.java:8)
at pratice.Tets.m1(Tets.java:8)
at pratice.Tets.m1(Tets.java:8)
at pratice.Tets.m1(Tets.java:8)
at pratice.Tets.m1(Tets.java:8)
at pratice.Tets.m1(Tets.java:8)
at pratice.Tets.m1(Tets.java:8)
at pratice.Tets.m1(Tets.java:8)
at pratice.Tets.m1(Tets.java:8)
at pratice.Tets.m1(Tets.java:8)
at pratice.Tets.m1(Tets.java:8)
at pratice.Tets.m1(Tets.java:8)
at pratice.Tets.m1(Tets.java:8)
at pratice.Tets.m1(Tets.java:8)
at pratice.Tets.m1(Tets.java:8)
at pratice.Tets.m1(Tets.java:8)
at pratice.Tets.m1(Tets.java:8)
at pratice.Tets.m1(Tets.java:8)
at pratice.Tets.m1(Tets.java:8)
at pratice.Tets.m1(Tets.java:8)
at pratice.Tets.m1(Tets.java:8)
at pratice.Tets.m1(Tets.java:8)
at pratice.Tets.m1(Tets.java:8)
at pratice.Tets.m1(Tets.java:8)
at pratice.Tets.m1(Tets.java:8)
at pratice.Tets.m1(Tets.java:8)
at pratice.Tets.m1(Tets.java:8)
at pratice.Tets.m1(Tets.java:8)
at pratice.Tets.m1(Tets.java:8)
at pratice.Tets.m1(Tets.java:8)
at pratice.Tets.m1(Tets.java:8)
at pratice.Tets.m1(Tets.java:8)
at pratice.Tets.m1(Tets.java:8)
at pratice.Tets.m1(Tets.java:8)
at pratice.Tets.m1(Tets.java:8)
at pratice.Tets.m1(Tets.java:8)
at pratice.Tets.m1(Tets.java:8)
at pratice.Tets.m1(Tets.java:8)
at pratice.Tets.m1(Tets.java:8)
at pratice.Tets.m1(Tets.java:8)
at pratice.Tets.m1(Tets.java:8)
at pratice.Tets.m1(Tets.java:8)
at pratice.Tets.m1(Tets.java:8)
at pratice.Tets.m1(Tets.java:8)
at pratice.Tets.m1(Tets.java:8)
at pratice.Tets.m1(Tets.java:8)
at pratice.Tets.m1(Tets.java:8)
at pratice.Tets.m1(Tets.java:8)
at pratice.Tets.m1(Tets.java:8)
at pratice.Tets.m1(Tets.java:8)
at pratice.Tets.m1(Tets.java:8)
at pratice.Tets.m1(Tets.java:8)
at pratice.Tets.m1(Tets.java:8)
at pratice.Tets.m1(Tets.java:8)
at pratice.Tets.m1(Tets.java:8)
at pratice.Tets.m1(Tets.java:8)
at pratice.Tets.m1(Tets.java:8)
at pratice.Tets.m1(Tets.java:8)
at pratice.Tets.m1(Tets.java:8)
at pratice.Tets.m1(Tets.java:8)
at pratice.Tets.m1(Tets.java:8)
at pratice.Tets.m1(Tets.java:8)
at pratice.Tets.m1(Tets.java:8)
at pratice.Tets.m1(Tets.java:8)
at pratice.Tets.m1(Tets.java:8)
at pratice.Tets.m1(Tets.java:8)
at pratice.Tets.m1(Tets.java:8)
at pratice.Tets.m1(Tets.java:8)
at pratice.Tets.m1(Tets.java:8)
at pratice.Tets.m1(Tets.java:8)
at pratice.Tets.m1(Tets.java:8)
at pratice.Tets.m1(Tets.java:8)
at pratice.Tets.m1(Tets.java:8)
at pratice.Tets.m1(Tets.java:8)
at pratice.Tets.m1(Tets.java:8)
at pratice.Tets.m1(Tets.java:8)
at pratice.Tets.m1(Tets.java:8)
at pratice.Tets.m1(Tets.java:8)
at pratice.Tets.m1(Tets.java:8)
at pratice.Tets.m1(Tets.java:8)
at pratice.Tets.m1(Tets.java:8)
at pratice.Tets.m1(Tets.java:8)
at pratice.Tets.m1(Tets.java:8)
at pratice.Tets.m1(Tets.java:8)
at pratice.Tets.m1(Tets.java:8)
at pratice.Tets.m1(Tets.java:8)
at pratice.Tets.m1(Tets.java:8)
at pratice.Tets.m1(Tets.java:8)
at pratice.Tets.m1(Tets.java:8)
at pratice.Tets.m1(Tets.java:8)
at pratice.Tets.m1(Tets.java:8)
at pratice.Tets.m1(Tets.java:8)
at pratice.Tets.m1(Tets.java:8)
at pratice.Tets.m1(Tets.java:8)
at pratice.Tets.m1(Tets.java:8)
at pratice.Tets.m1(Tets.java:8)
at pratice.Tets.m1(Tets.java:8)
at pratice.Tets.m1(Tets.java:8)
at pratice.Tets.m1(Tets.java:8)
at pratice.Tets.m1(Tets.java:8)
at pratice.Tets.m1(Tets.java:8)
at pratice.Tets.m1(Tets.java:8)
at pratice.Tets.m1(Tets.java:8)
at pratice.Tets.m1(Tets.java:8)
at pratice.Tets.m1(Tets.java:8)
at pratice.Tets.m1(Tets.java:8)
at pratice.Tets.m1(Tets.java:8)
at pratice.Tets.m1(Tets.java:8)
at pratice.Tets.m1(Tets.java:8)
at pratice.Tets.m1(Tets.java:8)
at pratice.Tets.m1(Tets.java:8)
at pratice.Tets.m1(Tets.java:8)
at pratice.Tets.m1(Tets.java:8)
at pratice.Tets.m1(Tets.java:8)
at pratice.Tets.m1(Tets.java:8)
at pratice.Tets.m1(Tets.java:8)
at pratice.Tets.m1(Tets.java:8)
at pratice.Tets.m1(Tets.java:8)
at pratice.Tets.m1(Tets.java:8)
at pratice.Tets.m1(Tets.java:8)
at pratice.Tets.m1(Tets.java:8)
at pratice.Tets.m1(Tets.java:8)
at pratice.Tets.m1(Tets.java:8)
at pratice.Tets.m1(Tets.java:8)
at pratice.Tets.m1(Tets.java:8)
at pratice.Tets.m1(Tets.java:8)
at pratice.Tets.m1(Tets.java:8)
at pratice.Tets.m1(Tets.java:8)
at pratice.Tets.m1(Tets.java:8)
at pratice.Tets.m1(Tets.java:8)
at pratice.Tets.m1(Tets.java:8)
at pratice.Tets.m1(Tets.java:8)
at pratice.Tets.m1(Tets.java:8)
at pratice.Tets.m1(Tets.java:8)
at pratice.Tets.m1(Tets.java:8)
at pratice.Tets.m1(Tets.java:8)
at pratice.Tets.m1(Tets.java:8)
at pratice.Tets.m1(Tets.java:8)
at pratice.Tets.m1(Tets.java:8)
at pratice.Tets.m1(Tets.java:8)
at pratice.Tets.m1(Tets.java:8)
at pratice.Tets.m1(Tets.java:8)
at pratice.Tets.m1(Tets.java:8)
at pratice.Tets.m1(Tets.java:8)
at pratice.Tets.m1(Tets.java:8)
at pratice.Tets.m1(Tets.java:8)
at pratice.Tets.m1(Tets.java:8)
at pratice.Tets.m1(Tets.java:8)
at pratice.Tets.m1(Tets.java:8)
at pratice.Tets.m1(Tets.java:8)
at pratice.Tets.m1(Tets.java:8)
at pratice.Tets.m1(Tets.java:8)
at pratice.Tets.m1(Tets.java:8)
at pratice.Tets.m1(Tets.java:8)
at pratice.Tets.m1(Tets.java:8)
at pratice.Tets.m1(Tets.java:8)
at pratice.Tets.m1(Tets.java:8)
at pratice.Tets.m1(Tets.java:8)
at pratice.Tets.m1(Tets.java:8)
at pratice.Tets.m1(Tets.java:8)
at pratice.Tets.m1(Tets.java:8)
at pratice.Tets.m1(Tets.java:8)
at pratice.Tets.m1(Tets.java:8)
at pratice.Tets.m1(Tets.java:8)
at pratice.Tets.m1(Tets.java:8)
at pratice.Tets.m1(Tets.java:8)
at pratice.Tets.m1(Tets.java:8)
at pratice.Tets.m1(Tets.java:8)
at pratice.Tets.m1(Tets.java:8)
at pratice.Tets.m1(Tets.java:8)
at pratice.Tets.m1(Tets.java:8)
at pratice.Tets.m1(Tets.java:8)
at pratice.Tets.m1(Tets.java:8)
at pratice.Tets.m1(Tets.java:8)
at pratice.Tets.m1(Tets.java:8)
at pratice.Tets.m1(Tets.java:8)
at pratice.Tets.m1(Tets.java:8)
at pratice.Tets.m1(Tets.java:8)
at pratice.Tets.m1(Tets.java:8)
at pratice.Tets.m1(Tets.java:8)
at pratice.Tets.m1(Tets.java:8)
at pratice.Tets.m1(Tets.java:8)
at pratice.Tets.m1(Tets.java:8)
at pratice.Tets.m1(Tets.java:8)
at pratice.Tets.m1(Tets.java:8)
at pratice.Tets.m1(Tets.java:8)
at pratice.Tets.m1(Tets.java:8)
at pratice.Tets.m1(Tets.java:8)
at pratice.Tets.m1(Tets.java:8)
at pratice.Tets.m1(Tets.java:8)
at pratice.Tets.m1(Tets.java:8)
at pratice.Tets.m1(Tets.java:8)
at pratice.Tets.m1(Tets.java:8)
at pratice.Tets.m1(Tets.java:8)
at pratice.Tets.m1(Tets.java:8)
at pratice.Tets.m1(Tets.java:8)
at pratice.Tets.m1(Tets.java:8)
at pratice.Tets.m1(Tets.java:8)
at pratice.Tets.m1(Tets.java:8)
at pratice.Tets.m1(Tets.java:8)
at pratice.Tets.m1(Tets.java:8)
at pratice.Tets.m1(Tets.java:8)
at pratice.Tets.m1(Tets.java:8)
at pratice.Tets.m1(Tets.java:8)
at pratice.Tets.m1(Tets.java:8)
at pratice.Tets.m1(Tets.java:8)
at pratice.Tets.m1(Tets.java:8)
at pratice.Tets.m1(Tets.java:8)
at pratice.Tets.m1(Tets.java:8)
at pratice.Tets.m1(Tets.java:8)
at pratice.Tets.m1(Tets.java:8)
at pratice.Tets.m1(Tets.java:8)
at pratice.Tets.m1(Tets.java:8)
at pratice.Tets.m1(Tets.java:8)
at pratice.Tets.m1(Tets.java:8)
at pratice.Tets.m1(Tets.java:8)
at pratice.Tets.m1(Tets.java:8)
at pratice.Tets.m1(Tets.java:8)
at pratice.Tets.m1(Tets.java:8)
at pratice.Tets.m1(Tets.java:8)
at pratice.Tets.m1(Tets.java:8)
at pratice.Tets.m1(Tets.java:8)
at pratice.Tets.m1(Tets.java:8)
at pratice.Tets.m1(Tets.java:8)
at pratice.Tets.m1(Tets.java:8)
at pratice.Tets.m1(Tets.java:8)
at pratice.Tets.m1(Tets.java:8)
at pratice.Tets.m1(Tets.java:8)
at pratice.Tets.m1(Tets.java:8)
at pratice.Tets.m1(Tets.java:8)
at pratice.Tets.m1(Tets.java:8)
at pratice.Tets.m1(Tets.java:8)
at pratice.Tets.m1(Tets.java:8)
at pratice.Tets.m1(Tets.java:8)
at pratice.Tets.m1(Tets.java:8)
at pratice.Tets.m1(Tets.java:8)
at pratice.Tets.m1(Tets.java:8)
at pratice.Tets.m1(Tets.java:8)
at pratice.Tets.m1(Tets.java:8)
at pratice.Tets.m1(Tets.java:8)
at pratice.Tets.m1(Tets.java:8)
at pratice.Tets.m1(Tets.java:8)
at pratice.Tets.m1(Tets.java:8)
at pratice.Tets.m1(Tets.java:8)
at pratice.Tets.m1(Tets.java:8)
at pratice.Tets.m1(Tets.java:8)
at pratice.Tets.m1(Tets.java:8)
at pratice.Tets.m1(Tets.java:8)
at pratice.Tets.m1(Tets.java:8)
at pratice.Tets.m1(Tets.java:8)
at pratice.Tets.m1(Tets.java:8)
at pratice.Tets.m1(Tets.java:8)
at pratice.Tets.m1(Tets.java:8)
at pratice.Tets.m1(Tets.java:8)
at pratice.Tets.m1(Tets.java:8)
at pratice.Tets.m1(Tets.java:8)
at pratice.Tets.m1(Tets.java:8)
at pratice.Tets.m1(Tets.java:8)
at pratice.Tets.m1(Tets.java:8)
at pratice.Tets.m1(Tets.java:8)
at pratice.Tets.m1(Tets.java:8)
at pratice.Tets.m1(Tets.java:8)
at pratice.Tets.m1(Tets.java:8)
at pratice.Tets.m1(Tets.java:8)
at pratice.Tets.m1(Tets.java:8)
at pratice.Tets.m1(Tets.java:8)
at pratice.Tets.m1(Tets.java:8)
at pratice.Tets.m1(Tets.java:8)
at pratice.Tets.m1(Tets.java:8)
at pratice.Tets.m1(Tets.java:8)
at pratice.Tets.m1(Tets.java:8)
at pratice.Tets.m1(Tets.java:8)
at pratice.Tets.m1(Tets.java:8)
at pratice.Tets.m1(Tets.java:8)
at pratice.Tets.m1(Tets.java:8)
at pratice.Tets.m1(Tets.java:8)
at pratice.Tets.m1(Tets.java:8)
at pratice.Tets.m1(Tets.java:8)
at pratice.Tets.m1(Tets.java:8)
at pratice.Tets.m1(Tets.java:8)
at pratice.Tets.m1(Tets.java:8)
at pratice.Tets.m1(Tets.java:8)
at pratice.Tets.m1(Tets.java:8)
at pratice.Tets.m1(Tets.java:8)
at pratice.Tets.m1(Tets.java:8)
at pratice.Tets.m1(Tets.java:8)
at pratice.Tets.m1(Tets.java:8)
at pratice.Tets.m1(Tets.java:8)
at pratice.Tets.m1(Tets.java:8)
at pratice.Tets.m1(Tets.java:8)
at pratice.Tets.m1(Tets.java:8)
at pratice.Tets.m1(Tets.java:8)
at pratice.Tets.m1(Tets.java:8)
at pratice.Tets.m1(Tets.java:8)
at pratice.Tets.m1(Tets.java:8)
at pratice.Tets.m1(Tets.java:8)
at pratice.Tets.m1(Tets.java:8)
at pratice.Tets.m1(Tets.java:8)
at pratice.Tets.m1(Tets.java:8)
at pratice.Tets.m1(Tets.java:8)
at pratice.Tets.m1(Tets.java:8)
at pratice.Tets.m1(Tets.java:8)
at pratice.Tets.m1(Tets.java:8)
at pratice.Tets.m1(Tets.java:8)
at pratice.Tets.m1(Tets.java:8)
at pratice.Tets.m1(Tets.java:8)
at pratice.Tets.m1(Tets.java:8)
at pratice.Tets.m1(Tets.java:8)
at pratice.Tets.m1(Tets.java:8)
at pratice.Tets.m1(Tets.java:8)
at pratice.Tets.m1(Tets.java:8)
at pratice.Tets.m1(Tets.java:8)
at pratice.Tets.m1(Tets.java:8)
at pratice.Tets.m1(Tets.java:8)
at pratice.Tets.m1(Tets.java:8)
at pratice.Tets.m1(Tets.java:8)
at pratice.Tets.m1(Tets.java:8)
at pratice.Tets.m1(Tets.java:8)
at pratice.Tets.m1(Tets.java:8)
at pratice.Tets.m1(Tets.java:8)
at pratice.Tets.m1(Tets.java:8)
at pratice.Tets.m1(Tets.java:8)
at pratice.Tets.m1(Tets.java:8)
at pratice.Tets.m1(Tets.java:8)
at pratice.Tets.m1(Tets.java:8)
at pratice.Tets.m1(Tets.java:8)
at pratice.Tets.m1(Tets.java:8)
at pratice.Tets.m1(Tets.java:8)
at pratice.Tets.m1(Tets.java:8)
at pratice.Tets.m1(Tets.java:8)
at pratice.Tets.m1(Tets.java:8)
at pratice.Tets.m1(Tets.java:8)
at pratice.Tets.m1(Tets.java:8)
at pratice.Tets.m1(Tets.java:8)
at pratice.Tets.m1(Tets.java:8)
at pratice.Tets.m1(Tets.java:8)
at pratice.Tets.m1(Tets.java:8)
at pratice.Tets.m1(Tets.java:8)
at pratice.Tets.m1(Tets.java:8)
at pratice.Tets.m1(Tets.java:8)
at pratice.Tets.m1(Tets.java:8)
at pratice.Tets.m1(Tets.java:8)
at pratice.Tets.m1(Tets.java:8)
at pratice.Tets.m1(Tets.java:8)
at pratice.Tets.m1(Tets.java:8)
at pratice.Tets.m1(Tets.java:8)
at pratice.Tets.m1(Tets.java:8)
at pratice.Tets.m1(Tets.java:8)
at pratice.Tets.m1(Tets.java:8)
at pratice.Tets.m1(Tets.java:8)
at pratice.Tets.m1(Tets.java:8)
at pratice.Tets.m1(Tets.java:8)
at pratice.Tets.m1(Tets.java:8)
at pratice.Tets.m1(Tets.java:8)
at pratice.Tets.m1(Tets.java:8)
at pratice.Tets.m1(Tets.java:8)
at pratice.Tets.m1(Tets.java:8)
at pratice.Tets.m1(Tets.java:8)
at pratice.Tets.m1(Tets.java:8)
at pratice.Tets.m1(Tets.java:8)
at pratice.Tets.m1(Tets.java:8)
at pratice.Tets.m1(Tets.java:8)
at pratice.Tets.m1(Tets.java:8)
at pratice.Tets.m1(Tets.java:8)
at pratice.Tets.m1(Tets.java:8)
at pratice.Tets.m1(Tets.java:8)
at pratice.Tets.m1(Tets.java:8)
at pratice.Tets.m1(Tets.java:8)
at pratice.Tets.m1(Tets.java:8)
at pratice.Tets.m1(Tets.java:8)
at pratice.Tets.m1(Tets.java:8)
at pratice.Tets.m1(Tets.java:8)
at pratice.Tets.m1(Tets.java:8)
at pratice.Tets.m1(Tets.java:8)
at pratice.Tets.m1(Tets.java:8)
at pratice.Tets.m1(Tets.java:8)
at pratice.Tets.m1(Tets.java:8)
at pratice.Tets.m1(Tets.java:8)
at pratice.Tets.m1(Tets.java:8)
at pratice.Tets.m1(Tets.java:8)
at pratice.Tets.m1(Tets.java:8)
at pratice.Tets.m1(Tets.java:8)
at pratice.Tets.m1(Tets.java:8)
at pratice.Tets.m1(Tets.java:8)
at pratice.Tets.m1(Tets.java:8)
at pratice.Tets.m1(Tets.java:8)
at pratice.Tets.m1(Tets.java:8)
at pratice.Tets.m1(Tets.java:8)
at pratice.Tets.m1(Tets.java:8)
at pratice.Tets.m1(Tets.java:8)
at pratice.Tets.m1(Tets.java:8)
at pratice.Tets.m1(Tets.java:8)
at pratice.Tets.m1(Tets.java:8)
at pratice.Tets.m1(Tets.java:8)
at pratice.Tets.m1(Tets.java:8)
at pratice.Tets.m1(Tets.java:8)
at pratice.Tets.m1(Tets.java:8)
at pratice.Tets.m1(Tets.java:8)
at pratice.Tets.m1(Tets.java:8)
at pratice.Tets.m1(Tets.java:8)
at pratice.Tets.m1(Tets.java:8)
at pratice.Tets.m1(Tets.java:8)
at pratice.Tets.m1(Tets.java:8)
at pratice.Tets.m1(Tets.java:8)
at pratice.Tets.m1(Tets.java:8)
at pratice.Tets.m1(Tets.java:8)
at pratice.Tets.m1(Tets.java:8)
at pratice.Tets.m1(Tets.java:8)
at pratice.Tets.m1(Tets.java:8)
at pratice.Tets.m1(Tets.java:8)
at pratice.Tets.m1(Tets.java:8)
at pratice.Tets.m1(Tets.java:8)
at pratice.Tets.m1(Tets.java:8)
at pratice.Tets.m1(Tets.java:8)
at pratice.Tets.m1(Tets.java:8)
at pratice.Tets.m1(Tets.java:8)
at pratice.Tets.m1(Tets.java:8)
at pratice.Tets.m1(Tets.java:8)
at pratice.Tets.m1(Tets.java:8)
at pratice.Tets.m1(Tets.java:8)
at pratice.Tets.m1(Tets.java:8)
at pratice.Tets.m1(Tets.java:8)
at pratice.Tets.m1(Tets.java:8)
at pratice.Tets.m1(Tets.java:8)
at pratice.Tets.m1(Tets.java:8)
at pratice.Tets.m1(Tets.java:8)
at pratice.Tets.m1(Tets.java:8)
at pratice.Tets.m1(Tets.java:8)
at pratice.Tets.m1(Tets.java:8)
at pratice.Tets.m1(Tets.java:8)
at pratice.Tets.m1(Tets.java:8)
at pratice.Tets.m1(Tets.java:8)
at pratice.Tets.m1(Tets.java:8)
at pratice.Tets.m1(Tets.java:8)
at pratice.Tets.m1(Tets.java:8)
at pratice.Tets.m1(Tets.java:8)
at pratice.Tets.m1(Tets.java:8)
at pratice.Tets.m1(Tets.java:8)
at pratice.Tets.m1(Tets.java:8)
at pratice.Tets.m1(Tets.java:8)
at pratice.Tets.m1(Tets.java:8)
at pratice.Tets.m1(Tets.java:8)
at pratice.Tets.m1(Tets.java:8)
at pratice.Tets.m1(Tets.java:8)
at pratice.Tets.m1(Tets.java:8)
at pratice.Tets.m1(Tets.java:8)
at pratice.Tets.m1(Tets.java:8)
at pratice.Tets.m1(Tets.java:8)
at pratice.Tets.m1(Tets.java:8)
at pratice.Tets.m1(Tets.java:8)
at pratice.Tets.m1(Tets.java:8)
at pratice.Tets.m1(Tets.java:8)
at pratice.Tets.m1(Tets.java:8)
at pratice.Tets.m1(Tets.java:8)
at pratice.Tets.m1(Tets.java:8)
at pratice.Tets.m1(Tets.java:8)
at pratice.Tets.m1(Tets.java:8)
at pratice.Tets.m1(Tets.java:8)
at pratice.Tets.m1(Tets.java:8)
at pratice.Tets.m1(Tets.java:8)
at pratice.Tets.m1(Tets.java:8)
at pratice.Tets.m1(Tets.java:8)
at pratice.Tets.m1(Tets.java:8)
at pratice.Tets.m1(Tets.java:8)
at pratice.Tets.m1(Tets.java:8)
at pratice.Tets.m1(Tets.java:8)
at pratice.Tets.m1(Tets.java:8)
at pratice.Tets.m1(Tets.java:8)
at pratice.Tets.m1(Tets.java:8)
at pratice.Tets.m1(Tets.java:8)
at pratice.Tets.m1(Tets.java:8)
at pratice.Tets.m1(Tets.java:8)
at pratice.Tets.m1(Tets.java:8)
at pratice.Tets.m1(Tets.java:8)
at pratice.Tets.m1(Tets.java:8)
at pratice.Tets.m1(Tets.java:8)
at pratice.Tets.m1(Tets.java:8)
at pratice.Tets.m1(Tets.java:8)
at pratice.Tets.m1(Tets.java:8)
at pratice.Tets.m1(Tets.java:8)
at pratice.Tets.m1(Tets.java:8)
at pratice.Tets.m1(Tets.java:8)
at pratice.Tets.m1(Tets.java:8)
at pratice.Tets.m1(Tets.java:8)
at pratice.Tets.m1(Tets.java:8)
at pratice.Tets.m1(Tets.java:8)
at pratice.Tets.m1(Tets.java:8)
at pratice.Tets.m1(Tets.java:8)
at pratice.Tets.m1(Tets.java:8)
at pratice.Tets.m1(Tets.java:8)
at pratice.Tets.m1(Tets.java:8)
at pratice.Tets.m1(Tets.java:8)
at pratice.Tets.m1(Tets.java:8)
at pratice.Tets.m1(Tets.java:8)
at pratice.Tets.m1(Tets.java:8)
at pratice.Tets.m1(Tets.java:8)
at pratice.Tets.m1(Tets.java:8)
at pratice.Tets.m1(Tets.java:8)
at pratice.Tets.m1(Tets.java:8)
at pratice.Tets.m1(Tets.java:8)
at pratice.Tets.m1(Tets.java:8)
at pratice.Tets.m1(Tets.java:8)
at pratice.Tets.m1(Tets.java:8)
at pratice.Tets.m1(Tets.java:8)
at pratice.Tets.m1(Tets.java:8)
at pratice.Tets.m1(Tets.java:8)
at pratice.Tets.m1(Tets.java:8)
at pratice.Tets.m1(Tets.java:8)
at pratice.Tets.m1(Tets.java:8)
at pratice.Tets.m1(Tets.java:8)
at pratice.Tets.m1(Tets.java:8)
at pratice.Tets.m1(Tets.java:8)
at pratice.Tets.m1(Tets.java:8)
at pratice.Tets.m1(Tets.java:8)
at pratice.Tets.m1(Tets.java:8)
at pratice.Tets.m1(Tets.java:8)
at pratice.Tets.m1(Tets.java:8)
at pratice.Tets.m1(Tets.java:8)
at pratice.Tets.m1(Tets.java:8)
at pratice.Tets.m1(Tets.java:8)
at pratice.Tets.m1(Tets.java:8)
at pratice.Tets.m1(Tets.java:8)
at pratice.Tets.m1(Tets.java:8)
at pratice.Tets.m1(Tets.java:8)
at pratice.Tets.m1(Tets.java:8)
at pratice.Tets.m1(Tets.java:8)
at pratice.Tets.m1(Tets.java:8)
at pratice.Tets.m1(Tets.java:8)
at pratice.Tets.m1(Tets.java:8)
at pratice.Tets.m1(Tets.java:8)
at pratice.Tets.m1(Tets.java:8)
at pratice.Tets.m1(Tets.java:8)
at pratice.Tets.m1(Tets.java:8)
at pratice.Tets.m1(Tets.java:8)
at pratice.Tets.m1(Tets.java:8)
at pratice.Tets.m1(Tets.java:8)
at pratice.Tets.m1(Tets.java:8)
at pratice.Tets.m1(Tets.java:8)
at pratice.Tets.m1(Tets.java:8)
at pratice.Tets.m1(Tets.java:8)
at pratice.Tets.m1(Tets.java:8)
at pratice.Tets.m1(Tets.java:8)
at pratice.Tets.m1(Tets.java:8)
at pratice.Tets.m1(Tets.java:8)
at pratice.Tets.m1(Tets.java:8)
at pratice.Tets.m1(Tets.java:8)
at pratice.Tets.m1(Tets.java:8)
at pratice.Tets.m1(Tets.java:8)
at pratice.Tets.m1(Tets.java:8)
at pratice.Tets.m1(Tets.java:8)
at pratice.Tets.m1(Tets.java:8)
at pratice.Tets.m1(Tets.java:8)
at pratice.Tets.m1(Tets.java:8)
at pratice.Tets.m1(Tets.java:8)
at pratice.Tets.m1(Tets.java:8)
at pratice.Tets.m1(Tets.java:8)
at pratice.Tets.m1(Tets.java:8)
at pratice.Tets.m1(Tets.java:8)
at pratice.Tets.m1(Tets.java:8)
at pratice.Tets.m1(Tets.java:8)
at pratice.Tets.m1(Tets.java:8)
at pratice.Tets.m1(Tets.java:8)
at pratice.Tets.m1(Tets.java:8)
at pratice.Tets.m1(Tets.java:8)
at pratice.Tets.m1(Tets.java:8)
at pratice.Tets.m1(Tets.java:8)
at pratice.Tets.m1(Tets.java:8)
at pratice.Tets.m1(Tets.java:8)
at pratice.Tets.m1(Tets.java:8)
at pratice.Tets.m1(Tets.java:8)
at pratice.Tets.m1(Tets.java:8)
at pratice.Tets.m1(Tets.java:8)
at pratice.Tets.m1(Tets.java:8)
at pratice.Tets.m1(Tets.java:8)
at pratice.Tets.m1(Tets.java:8)
at pratice.Tets.m1(Tets.java:8)
at pratice.Tets.m1(Tets.java:8)
at pratice.Tets.m1(Tets.java:8)
at pratice.Tets.m1(Tets.java:8)
at pratice.Tets.m1(Tets.java:8)
at pratice.Tets.m1(Tets.java:8)
at pratice.Tets.m1(Tets.java:8)
at pratice.Tets.m1(Tets.java:8)
at pratice.Tets.m1(Tets.java:8)
at pratice.Tets.m1(Tets.java:8)
at pratice.Tets.m1(Tets.java:8)
at pratice.Tets.m1(Tets.java:8)
at pratice.Tets.m1(Tets.java:8)
at pratice.Tets.m1(Tets.java:8)
at pratice.Tets.m1(Tets.java:8)
at pratice.Tets.m1(Tets.java:8)
at pratice.Tets.m1(Tets.java:8)
at pratice.Tets.m1(Tets.java:8)
at pratice.Tets.m1(Tets.java:8)
at pratice.Tets.m1(Tets.java:8)
at pratice.Tets.m1(Tets.java:8)
at pratice.Tets.m1(Tets.java:8)
at pratice.Tets.m1(Tets.java:8)
at pratice.Tets.m1(Tets.java:8)
at pratice.Tets.m1(Tets.java:8)
at pratice.Tets.m1(Tets.java:8)
at pratice.Tets.m1(Tets.java:8)
at pratice.Tets.m1(Tets.java:8)
at pratice.Tets.m1(Tets.java:8)
at pratice.Tets.m1(Tets.java:8)
at pratice.Tets.m1(Tets.java:8)
at pratice.Tets.m1(Tets.java:8)
at pratice.Tets.m1(Tets.java:8)
at pratice.Tets.m1(Tets.java:8)
at pratice.Tets.m1(Tets.java:8)
at pratice.Tets.m1(Tets.java:8)
at pratice.Tets.m1(Tets.java:8)
at pratice.Tets.m1(Tets.java:8)
at pratice.Tets.m1(Tets.java:8)
at pratice.Tets.m1(Tets.java:8)
at pratice.Tets.m1(Tets.java:8)
at pratice.Tets.m1(Tets.java:8)
at pratice.Tets.m1(Tets.java:8)
at pratice.Tets.m1(Tets.java:8)
at pratice.Tets.m1(Tets.java:8)
at pratice.Tets.m1(Tets.java:8)
at pratice.Tets.m1(Tets.java:8)
at pratice.Tets.m1(Tets.java:8)
at pratice.Tets.m1(Tets.java:8)
at pratice.Tets.m1(Tets.java:8)
at pratice.Tets.m1(Tets.java:8)
at pratice.Tets.m1(Tets.java:8)
at pratice.Tets.m1(Tets.java:8)
at pratice.Tets.m1(Tets.java:8)
at pratice.Tets.m1(Tets.java:8)
at pratice.Tets.m1(Tets.java:8)
at pratice.Tets.m1(Tets.java:8)
at pratice.Tets.m1(Tets.java:8)
at pratice.Tets.m1(Tets.java:8)
at pratice.Tets.m1(Tets.java:8)
at pratice.Tets.m1(Tets.java:8)
at pratice.Tets.m1(Tets.java:8)
at pratice.Tets.m1(Tets.java:8)
at pratice.Tets.m1(Tets.java:8)
at pratice.Tets.m1(Tets.java:8)
at pratice.Tets.m1(Tets.java:8)
at pratice.Tets.m1(Tets.java:8)
at pratice.Tets.m1(Tets.java:8)
at pratice.Tets.m1(Tets.java:8)
at pratice.Tets.m1(Tets.java:8)
at pratice.Tets.m1(Tets.java:8)
at pratice.Tets.m1(Tets.java:8)
at pratice.Tets.m1(Tets.java:8)
at pratice.Tets.m1(Tets.java:8)
at pratice.Tets.m1(Tets.java:8)
at pratice.Tets.m1(Tets.java:8)
at pratice.Tets.m1(Tets.java:8)
at pratice.Tets.m1(Tets.java:8)
at pratice.Tets.m1(Tets.java:8)
at pratice.Tets.m1(Tets.java:8)
at pratice.Tets.m1(Tets.java:8)
at pratice.Tets.m1(Tets.java:8)
at pratice.Tets.m1(Tets.java:8)
at pratice.Tets.m1(Tets.java:8)
at pratice.Tets.m1(Tets.java:8)
at pratice.Tets.m1(Tets.java:8)
at pratice.Tets.m1(Tets.java:8)
at pratice.Tets.m1(Tets.java:8)
at pratice.Tets.m1(Tets.java:8)
at pratice.Tets.m1(Tets.java:8)
at pratice.Tets.m1(Tets.java:8)
at pratice.Tets.m1(Tets.java:8)
at pratice.Tets.m1(Tets.java:8)
at pratice.Tets.m1(Tets.java:8)
at pratice.Tets.m1(Tets.java:8)
at pratice.Tets.m1(Tets.java:8)
at pratice.Tets.m1(Tets.java:8)
at pratice.Tets.m1(Tets.java:8)
at pratice.Tets.m1(Tets.java:8)
at pratice.Tets.m1(Tets.java:8)
at pratice.Tets.m1(Tets.java:8)
at pratice.Tets.m1(Tets.java:8)
at pratice.Tets.m1(Tets.java:8)
at pratice.Tets.m1(Tets.java:8)
at pratice.Tets.m1(Tets.java:8)
at pratice.Tets.m1(Tets.java:8)
at pratice.Tets.m1(Tets.java:8)
at pratice.Tets.m1(Tets.java:8)
at pratice.Tets.m1(Tets.java:8)
at pratice.Tets.m1(Tets.java:8)
at pratice.Tets.m1(Tets.java:8)
at pratice.Tets.m1(Tets.java:8)
at pratice.Tets.m1(Tets.java:8)
at pratice.Tets.m1(Tets.java:8)
at pratice.Tets.m1(Tets.java:8)
at pratice.Tets.m1(Tets.java:8)
at pratice.Tets.m1(Tets.java:8)
at pratice.Tets.m1(Tets.java:8)
at pratice.Tets.m1(Tets.java:8)
at pratice.Tets.m1(Tets.java:8)
at pratice.Tets.m1(Tets.java:8)
at pratice.Tets.m1(Tets.java:8)
at pratice.Tets.m1(Tets.java:8)
at pratice.Tets.m1(Tets.java:8)
at pratice.Tets.m1(Tets.java:8)
at pratice.Tets.m1(Tets.java:8)
at pratice.Tets.m1(Tets.java:8)
at pratice.Tets.m1(Tets.java:8)
at pratice.Tets.m1(Tets.java:8)
at pratice.Tets.m1(Tets.java:8)
at pratice.Tets.m1(Tets.java:8)
at pratice.Tets.m1(Tets.java:8)
at pratice.Tets.m1(Tets.java:8)
at pratice.Tets.m1(Tets.java:8)
at pratice.Tets.m1(Tets.java:8)
at pratice.Tets.m1(Tets.java:8)
at pratice.Tets.m1(Tets.java:8)
at pratice.Tets.m1(Tets.java:8)
at pratice.Tets.m1(Tets.java:8)
at pratice.Tets.m1(Tets.java:8)
at pratice.Tets.m1(Tets.java:8)
at pratice.Tets.m1(Tets.java:8)
at pratice.Tets.m1(Tets.java:8)
at pratice.Tets.m1(Tets.java:8)
at pratice.Tets.m1(Tets.java:8)
at pratice.Tets.m1(Tets.java:8)
at pratice.Tets.m1(Tets.java:8)
at pratice.Tets.m1(Tets.java:8)
at pratice.Tets.m1(Tets.java:8)
at pratice.Tets.m1(Tets.java:8)
at pratice.Tets.m1(Tets.java:8)
at pratice.Tets.m1(Tets.java:8)
at pratice.Tets.m1(Tets.java:8)
at pratice.Tets.m1(Tets.java:8)
at pratice.Tets.m1(Tets.java:8)
at pratice.Tets.m1(Tets.java:8)
at pratice.Tets.m1(Tets.java:8)
at pratice.Tets.m1(Tets.java:8)
at pratice.Tets.m1(Tets.java:8)
at pratice.Tets.m1(Tets.java:8)
at pratice.Tets.m1(Tets.java:8)
at pratice.Tets.m1(Tets.java:8)
at pratice.Tets.m1(Tets.java:8)
at pratice.Tets.m1(Tets.java:8)
at pratice.Tets.m1(Tets.java:8)
at pratice.Tets.m1(Tets.java:8)
at pratice.Tets.m1(Tets.java:8)
at pratice.Tets.m1(Tets.java:8)
at pratice.Tets.m1(Tets.java:8)
at pratice.Tets.m1(Tets.java:8)
at pratice.Tets.m1(Tets.java:8)
at pratice.Tets.m1(Tets.java:8)
at pratice.Tets.m1(Tets.java:8)
at pratice.Tets.m1(Tets.java:8)
at pratice.Tets.m1(Tets.java:8)
at pratice.Tets.m1(Tets.java:8)
at pratice.Tets.m1(Tets.java:8)
at pratice.Tets.m1(Tets.java:8)
at pratice.Tets.m1(Tets.java:8)
at pratice.Tets.m1(Tets.java:8)
at pratice.Tets.m1(Tets.java:8)
at pratice.Tets.m1(Tets.java:8)
at pratice.Tets.m1(Tets.java:8)
at pratice.Tets.m1(Tets.java:8)
at pratice.Tets.m1(Tets.java:8)
at pratice.Tets.m1(Tets.java:8)
at pratice.Tets.m1(Tets.java:8)
at pratice.Tets.m1(Tets.java:8)
at pratice.Tets.m1(Tets.java:8)
at pratice.Tets.m1(Tets.java:8)
at pratice.Tets.m1(Tets.java:8)
at pratice.Tets.m1(Tets.java:8)
at pratice.Tets.m1(Tets.java:8)
at pratice.Tets.m1(Tets.java:8)
at pratice.Tets.m1(Tets.java:8)
at pratice.Tets.m1(Tets.java:8)
at pratice.Tets.m1(Tets.java:8)
at pratice.Tets.m1(Tets.java:8)
at pratice.Tets.m1(Tets.java:8)
at pratice.Tets.m1(Tets.java:8)
at pratice.Tets.m1(Tets.java:8)
at pratice.Tets.m1(Tets.java:8)
at pratice.Tets.m1(Tets.java:8)
at pratice.Tets.m1(Tets.java:8)
at pratice.Tets.m1(Tets.java:8)
at pratice.Tets.m1(Tets.java:8)
at pratice.Tets.m1(Tets.java:8)
at pratice.Tets.m1(Tets.java:8)
at pratice.Tets.m1(Tets.java:8)
at pratice.Tets.m1(Tets.java:8)
at pratice.Tets.m1(Tets.java:8)
at pratice.Tets.m1(Tets.java:8)
at pratice.Tets.m1(Tets.java:8)
at pratice.Tets.m1(Tets.java:8)
at pratice.Tets.m1(Tets.java:8)
at pratice.Tets.m1(Tets.java:8)
at pratice.Tets.m1(Tets.java:8)
at pratice.Tets.m1(Tets.java:8)
at pratice.Tets.m1(Tets.java:8)
at pratice.Tets.m1(Tets.java:8)
at pratice.Tets.m1(Tets.java:8)
at pratice.Tets.m1(Tets.java:8)
at pratice.Tets.m1(Tets.java:8)
at pratice.Tets.m1(Tets.java:8)
at pratice.Tets.m1(Tets.java:8)
at pratice.Tets.m1(Tets.java:8)
at pratice.Tets.m1(Tets.java:8)
at pratice.Tets.m1(Tets.java:8)
at pratice.Tets.m1(Tets.java:8)
at pratice.Tets.m1(Tets.java:8)
at pratice.Tets.m1(Tets.java:8)
at pratice.Tets.m1(Tets.java:8)
at pratice.Tets.m1(Tets.java:8)
at pratice.Tets.m1(Tets.java:8)
at pratice.Tets.m1(Tets.java:8)
at pratice.Tets.m1(Tets.java:8)
at pratice.Tets.m1(Tets.java:8)
at pratice.Tets.m1(Tets.java:8)
at pratice.Tets.m1(Tets.java:8)
at pratice.Tets.m1(Tets.java:8)
at pratice.Tets.m1(Tets.java:8)
at pratice.Tets.m1(Tets.java:8)
at pratice.Tets.m1(Tets.java:8)
at pratice.Tets.m1(Tets.java:8)
at pratice.Tets.m1(Tets.java:8)
at pratice.Tets.m1(Tets.java:8)
at pratice.Tets.m1(Tets.java:8)
at pratice.Tets.m1(Tets.java:8)
at pratice.Tets.m1(Tets.java:8)
at pratice.Tets.m1(Tets.java:8)
at pratice.Tets.m1(Tets.java:8)
at pratice.Tets.m1(Tets.java:8)
at pratice.Tets.m1(Tets.java:8)
at pratice.Tets.m1(Tets.java:8)
at pratice.Tets.m1(Tets.java:8)
at pratice.Tets.m1(Tets.java:8)
at pratice.Tets.m1(Tets.java:8)
at pratice.Tets.m1(Tets.java:8)
at pratice.Tets.m1(Tets.java:8)
at pratice.Tets.m1(Tets.java:8)
at pratice.Tets.m1(Tets.java:8)
]]>
    </error>
  </testcase> <!-- m1 -->
  <system-out/>
</testsuite> <!-- pratice.Tets -->
