<?xml version="1.0" encoding="UTF-8"?>
<!-- Generated by org.testng.reporters.JUnitReportReporter -->
<testsuite hostname="SanatKumar" failures="0" tests="1" name="pratice.NewPrograms" time="0.012" errors="0" timestamp="2023-10-25T09:25:52 IST" skipped="0">
  <testcase classname="pratice.NewPrograms" name="removeDupAndRev" time="0.012"/>
  <system-out/>
</testsuite> <!-- pratice.NewPrograms -->
