<?xml version="1.0" encoding="UTF-8"?>
<!-- Generated by org.testng.reporters.JUnitReportReporter -->
<testsuite hostname="SanatKumar" failures="0" tests="1" name="postData.PathAndQueryParam" time="4.164" errors="0" timestamp="2023-09-22T20:44:03 IST" skipped="0">
  <testcase classname="postData.PathAndQueryParam" name="pathAndQuery" time="4.164"/>
  <system-out/>
</testsuite> <!-- postData.PathAndQueryParam -->
