<?xml version="1.0" encoding="UTF-8"?>
<!-- Generated by org.testng.reporters.JUnitReportReporter -->
<testsuite hostname="SanatKumar" failures="0" tests="1" name="header.HeaderVerify" time="3.825" errors="0" timestamp="2023-09-23T21:32:52 IST" skipped="0">
  <testcase classname="header.HeaderVerify" name="header" time="3.825"/>
  <system-out/>
</testsuite> <!-- header.HeaderVerify -->
