<?xml version="1.0" encoding="UTF-8"?>
<!-- Generated by org.testng.reporters.JUnitReportReporter -->
<testsuite hostname="SanatKumar" failures="0" tests="2" name="postData.CreateRequest" time="7.093" errors="0" timestamp="2023-09-21T23:25:14 IST" skipped="0">
  <testcase classname="postData.CreateRequest" name="createUsingjsonObj" time="6.892"/>
  <system-out/>
  <testcase classname="postData.CreateRequest" name="delete" time="0.201"/>
  <system-out/>
</testsuite> <!-- postData.CreateRequest -->
