<?xml version="1.0" encoding="UTF-8"?>
<!-- Generated by org.testng.reporters.JUnitReportReporter -->
<testsuite hostname="SanatKumar" failures="0" tests="1" name="restAssuredCrud.Crud" time="2.606" errors="0" timestamp="2023-10-19T17:14:17 IST" skipped="0">
  <testcase classname="restAssuredCrud.Crud" name="getAllData" time="2.606"/>
  <system-out/>
</testsuite> <!-- restAssuredCrud.Crud -->
