<?xml version="1.0" encoding="UTF-8"?>
<!-- Generated by org.testng.reporters.JUnitReportReporter -->
<testsuite hostname="SanatKumar" failures="0" tests="1" name="cookies.CokkiesData" time="2.791" errors="0" timestamp="2023-09-23T14:16:30 IST" skipped="0">
  <testcase classname="cookies.CokkiesData" name="getAllCookiesInfo" time="2.791"/>
  <system-out/>
</testsuite> <!-- cookies.CokkiesData -->
