<?xml version="1.0" encoding="UTF-8"?>
<!-- Generated by org.testng.reporters.JUnitReportReporter -->
<testsuite hostname="SanatKumar" failures="0" tests="1" name="pratice.GetData" time="4.935" errors="0" timestamp="2023-10-12T22:49:05 IST" skipped="0">
  <testcase classname="pratice.GetData" name="getAllUsers" time="4.935"/>
  <system-out/>
</testsuite> <!-- pratice.GetData -->
