<?xml version="1.0" encoding="UTF-8"?>
<!-- Generated by org.testng.reporters.JUnitReportReporter -->
<testsuite hostname="SanatKumar" failures="0" tests="1" name="self.FetchAllPrices" time="16.125" errors="0" timestamp="2023-10-12T11:26:49 IST" skipped="0">
  <testcase classname="self.FetchAllPrices" name="fetch" time="16.125"/>
  <system-out/>
</testsuite> <!-- self.FetchAllPrices -->
