<?xml version="1.0" encoding="UTF-8"?>
<!-- Generated by org.testng.reporters.JUnitReportReporter -->
<testsuite hostname="SanatKumar" failures="0" tests="1" name="self.ChangingPageNumber" time="17.279" errors="0" timestamp="2023-10-11T10:35:36 IST" skipped="0">
  <testcase classname="self.ChangingPageNumber" name="flipkart" time="17.279"/>
  <system-out/>
</testsuite> <!-- self.ChangingPageNumber -->
