<?xml version="1.0" encoding="UTF-8"?>
<!-- Generated by org.testng.reporters.JUnitReportReporter -->
<testsuite hostname="SanatKumar" failures="0" tests="1" name="self.Download" time="8.008" errors="0" timestamp="2023-10-19T13:02:22 IST" skipped="0">
  <testcase classname="self.Download" name="shadowing" time="8.008"/>
  <system-out/>
</testsuite> <!-- self.Download -->
