<?xml version="1.0" encoding="UTF-8"?>
<!-- Generated by org.testng.reporters.JUnitReportReporter -->
<testsuite hostname="SanatKumar" failures="0" tests="1" name="self.Test" time="6.679" errors="0" timestamp="2023-10-26T16:12:22 IST" skipped="0">
  <testcase classname="self.Test" name="hello" time="6.679"/>
  <system-out/>
</testsuite> <!-- self.Test -->
